<?xml version="1.0" encoding="UTF-8"?>
<!-- Generated by org.testng.reporters.JUnitXMLReporter -->
<testsuite ignored="0" hostname="LAPTOP-LVRJVU6R" failures="0" tests="9" name="Different testng Feature test" time="163.899" errors="0" timestamp="2021-12-02T17:56:18 IST">
  <testcase classname="com.crm.qa.testcases.LoginPageTest" name="loginPageTitleTest" time="0.019"/>
  <testcase classname="com.crm.qa.testcases.LoginPageTest" name="CRMLogoImageTest" time="0.345"/>
  <testcase classname="com.crm.qa.testcases.LoginPageTest" name="loginTest" time="8.086"/>
  <testcase classname="com.crm.qa.testcases.HomePageTest" name="verifyHomePageTitleTest" time="0.011"/>
  <testcase classname="com.crm.qa.testcases.HomePageTest" name="verifyUserNameTest" time="0.05"/>
  <testcase classname="com.crm.qa.testcases.HomePageTest" name="verifyContactsLinkTest" time="1.241"/>
  <testcase classname="com.crm.qa.testcases.ContactsPageTest" name="verifyContactsPageLabel" time="0.031"/>
  <testcase classname="com.crm.qa.testcases.ContactsPageTest" name="selectContactsTest" time="0.123"/>
  <testcase classname="com.crm.qa.testcases.ContactsPageTest" name="selectMultipleContactsTest" time="0.286"/>
</testsuite> <!-- Different testng Feature test -->
