<?xml version="1.0" encoding="UTF-8"?>
<testng-results ignored="0" total="3" passed="3" failed="0" skipped="0">
  <reporter-output>
  </reporter-output>
  <suite started-at="2021-12-08T19:41:42 IST" name="Default suite" finished-at="2021-12-08T19:42:35 IST" duration-ms="52679">
    <groups>
    </groups>
    <test started-at="2021-12-08T19:41:42 IST" name="Default test" finished-at="2021-12-08T19:42:35 IST" duration-ms="52679">
      <class name="com.crm.qa.testcases.ContactsPageTest">
        <test-method is-config="true" signature="setUp()[pri:0, instance:com.crm.qa.testcases.ContactsPageTest@53aac487]" started-at="2021-12-08T19:41:42 IST" name="setUp" finished-at="2021-12-08T19:42:04 IST" duration-ms="22058" status="PASS">
          <reporter-output>
          </reporter-output>
        </test-method> <!-- setUp -->
        <test-method signature="verifyContactsPageLabel()[pri:1, instance:com.crm.qa.testcases.ContactsPageTest@53aac487]" started-at="2021-12-08T19:42:04 IST" name="verifyContactsPageLabel" finished-at="2021-12-08T19:42:05 IST" duration-ms="1055" status="PASS">
          <reporter-output>
          </reporter-output>
        </test-method> <!-- verifyContactsPageLabel -->
        <test-method is-config="true" signature="tearDown()[pri:0, instance:com.crm.qa.testcases.ContactsPageTest@53aac487]" started-at="2021-12-08T19:42:05 IST" name="tearDown" finished-at="2021-12-08T19:42:06 IST" duration-ms="216" status="PASS">
          <reporter-output>
          </reporter-output>
        </test-method> <!-- tearDown -->
        <test-method is-config="true" signature="setUp()[pri:0, instance:com.crm.qa.testcases.ContactsPageTest@53aac487]" started-at="2021-12-08T19:42:06 IST" name="setUp" finished-at="2021-12-08T19:42:20 IST" duration-ms="14462" status="PASS">
          <reporter-output>
          </reporter-output>
        </test-method> <!-- setUp -->
        <test-method signature="selectSingleContactsTest()[pri:2, instance:com.crm.qa.testcases.ContactsPageTest@53aac487]" started-at="2021-12-08T19:42:20 IST" name="selectSingleContactsTest" finished-at="2021-12-08T19:42:21 IST" duration-ms="1068" status="PASS">
          <reporter-output>
          </reporter-output>
        </test-method> <!-- selectSingleContactsTest -->
        <test-method is-config="true" signature="tearDown()[pri:0, instance:com.crm.qa.testcases.ContactsPageTest@53aac487]" started-at="2021-12-08T19:42:21 IST" name="tearDown" finished-at="2021-12-08T19:42:22 IST" duration-ms="374" status="PASS">
          <reporter-output>
          </reporter-output>
        </test-method> <!-- tearDown -->
        <test-method is-config="true" signature="setUp()[pri:0, instance:com.crm.qa.testcases.ContactsPageTest@53aac487]" started-at="2021-12-08T19:42:22 IST" name="setUp" finished-at="2021-12-08T19:42:34 IST" duration-ms="11923" status="PASS">
          <reporter-output>
          </reporter-output>
        </test-method> <!-- setUp -->
        <test-method signature="selectMultipleContactsTest()[pri:3, instance:com.crm.qa.testcases.ContactsPageTest@53aac487]" started-at="2021-12-08T19:42:34 IST" name="selectMultipleContactsTest" finished-at="2021-12-08T19:42:35 IST" duration-ms="1207" status="PASS">
          <reporter-output>
          </reporter-output>
        </test-method> <!-- selectMultipleContactsTest -->
        <test-method is-config="true" signature="tearDown()[pri:0, instance:com.crm.qa.testcases.ContactsPageTest@53aac487]" started-at="2021-12-08T19:42:35 IST" name="tearDown" finished-at="2021-12-08T19:42:35 IST" duration-ms="285" status="PASS">
          <reporter-output>
          </reporter-output>
        </test-method> <!-- tearDown -->
      </class> <!-- com.crm.qa.testcases.ContactsPageTest -->
    </test> <!-- Default test -->
  </suite> <!-- Default suite -->
</testng-results>
